<?xml version="1.0" encoding="UTF-8"?>
<testng-results skipped="0" failed="0" ignored="24" total="27" passed="3">
  <reporter-output>
  </reporter-output>
  <suite name="Default suite" duration-ms="50227" started-at="2019-07-20T23:39:31Z" finished-at="2019-07-20T23:40:22Z">
    <groups>
    </groups>
    <test name="Default test" duration-ms="50227" started-at="2019-07-20T23:39:31Z" finished-at="2019-07-20T23:40:22Z">
      <class name="com.SFDC.Automation.AutomationScript_Test">
        <test-method status="PASS" signature="Login()[pri:1, instance:com.SFDC.Automation.AutomationScript_Test@1b68ddbd]" name="Login" duration-ms="19906" started-at="2019-07-20T23:39:31Z" finished-at="2019-07-20T23:39:51Z">
          <reporter-output>
          </reporter-output>
        </test-method> <!-- Login -->
        <test-method status="PASS" signature="Contact_TC25()[pri:24, instance:com.SFDC.Automation.AutomationScript_Test@1b68ddbd]" name="Contact_TC25" duration-ms="17072" started-at="2019-07-20T23:39:51Z" depends-on-methods="com.SFDC.Automation.AutomationScript_Test.Login" finished-at="2019-07-20T23:40:08Z">
          <reporter-output>
          </reporter-output>
        </test-method> <!-- Contact_TC25 -->
        <test-method status="PASS" signature="Contact_View_TC26()[pri:24, instance:com.SFDC.Automation.AutomationScript_Test@1b68ddbd]" name="Contact_View_TC26" duration-ms="12757" started-at="2019-07-20T23:40:08Z" depends-on-methods="com.SFDC.Automation.AutomationScript_Test.Login" finished-at="2019-07-20T23:40:21Z">
          <reporter-output>
          </reporter-output>
        </test-method> <!-- Contact_View_TC26 -->
        <test-method status="PASS" signature="closeWindow()[pri:0, instance:com.SFDC.Automation.AutomationScript_Test@1b68ddbd]" name="closeWindow" is-config="true" duration-ms="105" started-at="2019-07-20T23:40:21Z" finished-at="2019-07-20T23:40:21Z">
          <reporter-output>
          </reporter-output>
        </test-method> <!-- closeWindow -->
        <test-method status="PASS" signature="logger()[pri:0, instance:com.SFDC.Automation.AutomationScript_Test@1b68ddbd]" name="logger" is-config="true" duration-ms="327" started-at="2019-07-20T23:40:21Z" finished-at="2019-07-20T23:40:22Z">
          <reporter-output>
          </reporter-output>
        </test-method> <!-- logger -->
      </class> <!-- com.SFDC.Automation.AutomationScript_Test -->
    </test> <!-- Default test -->
  </suite> <!-- Default suite -->
</testng-results>
