<?xml version="1.0" encoding="UTF-8"?>
<!-- Generated by org.testng.reporters.JUnitXMLReporter -->
<testsuite hostname="LAPTOP-6T9NE33L" ignored="2" name="testngTest" tests="5" failures="0" timestamp="20 Jul 2019 21:46:31 GMT" time="95.856" errors="0">
  <testcase name="LoginError_TC1" time="18.405" classname="com.Salesforce.Automation.AutomationScript_Test"/>
  <testcase name="Login_TC2" time="26.681" classname="com.Salesforce.Automation.AutomationScript_Test"/>
  <testcase name="forgotPassword_TC4A" time="13.208" classname="com.Salesforce.Automation.AutomationScript_Test"/>
  <testcase name="ValidateLogin_TC4B" time="14.254" classname="com.Salesforce.Automation.AutomationScript_Test"/>
  <testcase name="checkRememberMe_TC3" time="23.251" classname="com.Salesforce.Automation.AutomationScript_Test"/>
  <testcase name="launchUrl" time="0.0" classname="com.Salesforce.Automation.AutomationScript_Test">
    <ignored/>
  </testcase> <!-- launchUrl -->
  <testcase name="initialize_Driver" time="0.0" classname="com.Salesforce.Automation.AutomationScript_Test">
    <ignored/>
  </testcase> <!-- initialize_Driver -->
</testsuite> <!-- testngTest -->
