<?xml version="1.0" encoding="UTF-8"?>
<!-- Generated by org.testng.reporters.JUnitXMLReporter -->
<testsuite hostname="LAPTOP-6T9NE33L" ignored="2" name="testngTest" tests="5" failures="0" timestamp="18 Jul 2019 19:59:09 GMT" time="120.066" errors="0">
  <testcase name="LoginError_TC1" time="23.861" classname="com.Salesforce.Automation.AutomationScript_Test"/>
  <testcase name="Login_TC2" time="37.891" classname="com.Salesforce.Automation.AutomationScript_Test"/>
  <testcase name="forgotPassword_TC4A" time="19.711" classname="com.Salesforce.Automation.AutomationScript_Test"/>
  <testcase name="ValidateLogin_TC4B" time="15.955" classname="com.Salesforce.Automation.AutomationScript_Test"/>
  <testcase name="checkRememberMe_TC3" time="22.594" classname="com.Salesforce.Automation.AutomationScript_Test"/>
  <testcase name="launchUrl" time="0.0" classname="com.Salesforce.Automation.AutomationScript_Test">
    <ignored/>
  </testcase> <!-- launchUrl -->
  <testcase name="initialize_Driver" time="0.0" classname="com.Salesforce.Automation.AutomationScript_Test">
    <ignored/>
  </testcase> <!-- initialize_Driver -->
</testsuite> <!-- testngTest -->
