<?xml version="1.0" encoding="UTF-8"?>
<!-- Generated by org.testng.reporters.JUnitXMLReporter -->
<testsuite hostname="LAPTOP-6T9NE33L" ignored="14" name="testngTest" tests="5" failures="0" timestamp="20 Jul 2019 00:33:50 GMT" time="69.392" errors="0">
  <testcase name="Login" time="17.712" classname="com.SFDC.Automation.AutomationScript_Test"/>
  <testcase name="oppurtunity_TC15" time="9.44" classname="com.SFDC.Automation.AutomationScript_Test"/>
  <testcase name="Create_new_Opty_TC16" time="33.413" classname="com.SFDC.Automation.AutomationScript_Test"/>
  <testcase name="oppurtunity_Pipeline_report_TC17" time="4.42" classname="com.SFDC.Automation.AutomationScript_Test"/>
  <testcase name="oppurtunity_Stuck_report_TC18" time="4.129" classname="com.SFDC.Automation.AutomationScript_Test"/>
  <testcase name="MyProfile_TC06" time="0.0" classname="com.SFDC.Automation.AutomationScript_Test">
    <ignored/>
  </testcase> <!-- MyProfile_TC06 -->
  <testcase name="UserMenu_LogOut_09" time="0.0" classname="com.SFDC.Automation.AutomationScript_Test">
    <ignored/>
  </testcase> <!-- UserMenu_LogOut_09 -->
  <testcase name="Accounts_Merge_TC13" time="0.0" classname="com.SFDC.Automation.AutomationScript_Test">
    <ignored/>
  </testcase> <!-- Accounts_Merge_TC13 -->
  <testcase name="UserMenu_MySetting_Email_07" time="0.0" classname="com.SFDC.Automation.AutomationScript_Test">
    <ignored/>
  </testcase> <!-- UserMenu_MySetting_Email_07 -->
  <testcase name="UserMenu_MySetting_Display_07" time="0.0" classname="com.SFDC.Automation.AutomationScript_Test">
    <ignored/>
  </testcase> <!-- UserMenu_MySetting_Display_07 -->
  <testcase name="UserMenu_DeveloperConsole_08" time="0.0" classname="com.SFDC.Automation.AutomationScript_Test">
    <ignored/>
  </testcase> <!-- UserMenu_DeveloperConsole_08 -->
  <testcase name="initialize_Driver" time="0.0" classname="com.SFDC.Automation.AutomationScript_Test">
    <ignored/>
  </testcase> <!-- initialize_Driver -->
  <testcase name="UserMenu_MySetting_CalendarReminder_07" time="0.0" classname="com.SFDC.Automation.AutomationScript_Test">
    <ignored/>
  </testcase> <!-- UserMenu_MySetting_CalendarReminder_07 -->
  <testcase name="UserMenu_TC05" time="0.0" classname="com.SFDC.Automation.AutomationScript_Test">
    <ignored/>
  </testcase> <!-- UserMenu_TC05 -->
  <testcase name="UserMenu_MySetting_Personal_TC07" time="0.0" classname="com.SFDC.Automation.AutomationScript_Test">
    <ignored/>
  </testcase> <!-- UserMenu_MySetting_Personal_TC07 -->
  <testcase name="launchUrl" time="0.0" classname="com.SFDC.Automation.AutomationScript_Test">
    <ignored/>
  </testcase> <!-- launchUrl -->
  <testcase name="Accounts_Edit_View_TC12" time="0.0" classname="com.SFDC.Automation.AutomationScript_Test">
    <ignored/>
  </testcase> <!-- Accounts_Edit_View_TC12 -->
  <testcase name="Accounts_Create_New_TC10" time="0.0" classname="com.SFDC.Automation.AutomationScript_Test">
    <ignored/>
  </testcase> <!-- Accounts_Create_New_TC10 -->
  <testcase name="Accounts_Create_New_View_TC11" time="0.0" classname="com.SFDC.Automation.AutomationScript_Test">
    <ignored/>
  </testcase> <!-- Accounts_Create_New_View_TC11 -->
</testsuite> <!-- testngTest -->
