<?xml version="1.0" encoding="UTF-8"?>
<testsuite xmlns:xsi="http://www.w3.org/2001/XMLSchema-instance" xsi:schemaLocation="https://maven.apache.org/surefire/maven-surefire-plugin/xsd/surefire-test-report.xsd" name="TestSuite" time="97.031" tests="5" errors="0" skipped="0" failures="0">
  <properties>
[...]
</properties>
  <testcase name="LoginError_TC1" classname="com.Salesforce.Automation.AutomationScript_Test" time="18.407"/>
  <testcase name="Login_TC2" classname="com.Salesforce.Automation.AutomationScript_Test" time="26.681"/>
  <testcase name="forgotPassword_TC4A" classname="com.Salesforce.Automation.AutomationScript_Test" time="13.208"/>
  <testcase name="ValidateLogin_TC4B" classname="com.Salesforce.Automation.AutomationScript_Test" time="14.255"/>
  <testcase name="checkRememberMe_TC3" classname="com.Salesforce.Automation.AutomationScript_Test" time="23.251"/>
</testsuite>