<?xml version="1.0" encoding="UTF-8"?>
<testng-results skipped="0" failed="0" ignored="2" total="7" passed="5">
  <reporter-output>
  </reporter-output>
  <suite name="sfdcsuite" duration-ms="120066" started-at="2019-07-18T19:57:09Z" finished-at="2019-07-18T19:59:09Z">
    <groups>
    </groups>
    <test name="testngTest" duration-ms="120066" started-at="2019-07-18T19:57:09Z" finished-at="2019-07-18T19:59:09Z">
      <class name="com.Salesforce.Automation.AutomationScript_Test">
        <test-method status="PASS" signature="LoginError_TC1()[pri:3, instance:com.Salesforce.Automation.AutomationScript_Test@4f7d0008]" name="LoginError_TC1" duration-ms="23861" started-at="2019-07-18T19:57:09Z" finished-at="2019-07-18T19:57:33Z">
          <reporter-output>
          </reporter-output>
        </test-method> <!-- LoginError_TC1 -->
        <test-method status="PASS" signature="Login_TC2()[pri:4, instance:com.Salesforce.Automation.AutomationScript_Test@4f7d0008]" name="Login_TC2" duration-ms="37891" started-at="2019-07-18T19:57:33Z" finished-at="2019-07-18T19:58:11Z">
          <reporter-output>
          </reporter-output>
        </test-method> <!-- Login_TC2 -->
        <test-method status="PASS" signature="forgotPassword_TC4A()[pri:5, instance:com.Salesforce.Automation.AutomationScript_Test@4f7d0008]" name="forgotPassword_TC4A" duration-ms="19711" started-at="2019-07-18T19:58:11Z" finished-at="2019-07-18T19:58:30Z">
          <reporter-output>
          </reporter-output>
        </test-method> <!-- forgotPassword_TC4A -->
        <test-method status="PASS" signature="ValidateLogin_TC4B()[pri:6, instance:com.Salesforce.Automation.AutomationScript_Test@4f7d0008]" name="ValidateLogin_TC4B" duration-ms="15955" started-at="2019-07-18T19:58:30Z" finished-at="2019-07-18T19:58:46Z">
          <reporter-output>
          </reporter-output>
        </test-method> <!-- ValidateLogin_TC4B -->
        <test-method status="PASS" signature="checkRememberMe_TC3()[pri:7, instance:com.Salesforce.Automation.AutomationScript_Test@4f7d0008]" name="checkRememberMe_TC3" duration-ms="22594" started-at="2019-07-18T19:58:46Z" finished-at="2019-07-18T19:59:09Z">
          <reporter-output>
          </reporter-output>
        </test-method> <!-- checkRememberMe_TC3 -->
      </class> <!-- com.Salesforce.Automation.AutomationScript_Test -->
    </test> <!-- testngTest -->
  </suite> <!-- sfdcsuite -->
</testng-results>
