<?xml version="1.0" encoding="UTF-8"?>
<testng-results skipped="0" failed="0" ignored="2" total="7" passed="5">
  <reporter-output>
  </reporter-output>
  <suite name="sfdcsuite" duration-ms="95856" started-at="2019-07-20T21:44:55Z" finished-at="2019-07-20T21:46:31Z">
    <groups>
    </groups>
    <test name="testngTest" duration-ms="95856" started-at="2019-07-20T21:44:55Z" finished-at="2019-07-20T21:46:31Z">
      <class name="com.Salesforce.Automation.AutomationScript_Test">
        <test-method status="PASS" signature="LoginError_TC1()[pri:3, instance:com.Salesforce.Automation.AutomationScript_Test@4f7d0008]" name="LoginError_TC1" duration-ms="18405" started-at="2019-07-20T21:44:55Z" finished-at="2019-07-20T21:45:14Z">
          <reporter-output>
          </reporter-output>
        </test-method> <!-- LoginError_TC1 -->
        <test-method status="PASS" signature="Login_TC2()[pri:4, instance:com.Salesforce.Automation.AutomationScript_Test@4f7d0008]" name="Login_TC2" duration-ms="26681" started-at="2019-07-20T21:45:14Z" finished-at="2019-07-20T21:45:41Z">
          <reporter-output>
          </reporter-output>
        </test-method> <!-- Login_TC2 -->
        <test-method status="PASS" signature="forgotPassword_TC4A()[pri:5, instance:com.Salesforce.Automation.AutomationScript_Test@4f7d0008]" name="forgotPassword_TC4A" duration-ms="13208" started-at="2019-07-20T21:45:41Z" finished-at="2019-07-20T21:45:54Z">
          <reporter-output>
          </reporter-output>
        </test-method> <!-- forgotPassword_TC4A -->
        <test-method status="PASS" signature="ValidateLogin_TC4B()[pri:6, instance:com.Salesforce.Automation.AutomationScript_Test@4f7d0008]" name="ValidateLogin_TC4B" duration-ms="14254" started-at="2019-07-20T21:45:54Z" finished-at="2019-07-20T21:46:08Z">
          <reporter-output>
          </reporter-output>
        </test-method> <!-- ValidateLogin_TC4B -->
        <test-method status="PASS" signature="checkRememberMe_TC3()[pri:7, instance:com.Salesforce.Automation.AutomationScript_Test@4f7d0008]" name="checkRememberMe_TC3" duration-ms="23251" started-at="2019-07-20T21:46:08Z" finished-at="2019-07-20T21:46:31Z">
          <reporter-output>
          </reporter-output>
        </test-method> <!-- checkRememberMe_TC3 -->
      </class> <!-- com.Salesforce.Automation.AutomationScript_Test -->
    </test> <!-- testngTest -->
  </suite> <!-- sfdcsuite -->
</testng-results>
