<?xml version="1.0" encoding="UTF-8"?>
<!-- Generated by org.testng.reporters.JUnitXMLReporter -->
<testsuite hostname="LAPTOP-6T9NE33L" ignored="24" name="Default test" tests="3" failures="0" timestamp="20 Jul 2019 23:40:22 GMT" time="50.227" errors="0">
  <testcase name="Login" time="19.906" classname="com.SFDC.Automation.AutomationScript_Test"/>
  <testcase name="Contact_TC25" time="17.072" classname="com.SFDC.Automation.AutomationScript_Test"/>
  <testcase name="Contact_View_TC26" time="12.757" classname="com.SFDC.Automation.AutomationScript_Test"/>
  <testcase name="oppurtunity_TC15" time="0.0" classname="com.SFDC.Automation.AutomationScript_Test">
    <ignored/>
  </testcase> <!-- oppurtunity_TC15 -->
  <testcase name="MyProfile_TC06" time="0.0" classname="com.SFDC.Automation.AutomationScript_Test">
    <ignored/>
  </testcase> <!-- MyProfile_TC06 -->
  <testcase name="Test_Quarterly_Summary_Report_TC19" time="0.0" classname="com.SFDC.Automation.AutomationScript_Test">
    <ignored/>
  </testcase> <!-- Test_Quarterly_Summary_Report_TC19 -->
  <testcase name="Accounts_Merge_TC13" time="0.0" classname="com.SFDC.Automation.AutomationScript_Test">
    <ignored/>
  </testcase> <!-- Accounts_Merge_TC13 -->
  <testcase name="UserMenu_LogOut_09" time="0.0" classname="com.SFDC.Automation.AutomationScript_Test">
    <ignored/>
  </testcase> <!-- UserMenu_LogOut_09 -->
  <testcase name="NewButton_TC24" time="0.0" classname="com.SFDC.Automation.AutomationScript_Test">
    <ignored/>
  </testcase> <!-- NewButton_TC24 -->
  <testcase name="TodaysLead_TC23" time="0.0" classname="com.SFDC.Automation.AutomationScript_Test">
    <ignored/>
  </testcase> <!-- TodaysLead_TC23 -->
  <testcase name="Create_new_Opty_TC16" time="0.0" classname="com.SFDC.Automation.AutomationScript_Test">
    <ignored/>
  </testcase> <!-- Create_new_Opty_TC16 -->
  <testcase name="UserMenu_MySetting_Email_07" time="0.0" classname="com.SFDC.Automation.AutomationScript_Test">
    <ignored/>
  </testcase> <!-- UserMenu_MySetting_Email_07 -->
  <testcase name="UserMenu_MySetting_Display_07" time="0.0" classname="com.SFDC.Automation.AutomationScript_Test">
    <ignored/>
  </testcase> <!-- UserMenu_MySetting_Display_07 -->
  <testcase name="UserMenu_DeveloperConsole_08" time="0.0" classname="com.SFDC.Automation.AutomationScript_Test">
    <ignored/>
  </testcase> <!-- UserMenu_DeveloperConsole_08 -->
  <testcase name="LeadTab_TC20" time="0.0" classname="com.SFDC.Automation.AutomationScript_Test">
    <ignored/>
  </testcase> <!-- LeadTab_TC20 -->
  <testcase name="initialize_Driver" time="0.0" classname="com.SFDC.Automation.AutomationScript_Test">
    <ignored/>
  </testcase> <!-- initialize_Driver -->
  <testcase name="UserMenu_MySetting_CalendarReminder_07" time="0.0" classname="com.SFDC.Automation.AutomationScript_Test">
    <ignored/>
  </testcase> <!-- UserMenu_MySetting_CalendarReminder_07 -->
  <testcase name="UserMenu_TC05" time="0.0" classname="com.SFDC.Automation.AutomationScript_Test">
    <ignored/>
  </testcase> <!-- UserMenu_TC05 -->
  <testcase name="oppurtunity_Stuck_report_TC18" time="0.0" classname="com.SFDC.Automation.AutomationScript_Test">
    <ignored/>
  </testcase> <!-- oppurtunity_Stuck_report_TC18 -->
  <testcase name="UserMenu_MySetting_Personal_TC07" time="0.0" classname="com.SFDC.Automation.AutomationScript_Test">
    <ignored/>
  </testcase> <!-- UserMenu_MySetting_Personal_TC07 -->
  <testcase name="ViewDropDown_TC21" time="0.0" classname="com.SFDC.Automation.AutomationScript_Test">
    <ignored/>
  </testcase> <!-- ViewDropDown_TC21 -->
  <testcase name="Functionality_Go_Button_TC22" time="0.0" classname="com.SFDC.Automation.AutomationScript_Test">
    <ignored/>
  </testcase> <!-- Functionality_Go_Button_TC22 -->
  <testcase name="launchUrl" time="0.0" classname="com.SFDC.Automation.AutomationScript_Test">
    <ignored/>
  </testcase> <!-- launchUrl -->
  <testcase name="Accounts_Edit_View_TC12" time="0.0" classname="com.SFDC.Automation.AutomationScript_Test">
    <ignored/>
  </testcase> <!-- Accounts_Edit_View_TC12 -->
  <testcase name="Accounts_Create_New_TC10" time="0.0" classname="com.SFDC.Automation.AutomationScript_Test">
    <ignored/>
  </testcase> <!-- Accounts_Create_New_TC10 -->
  <testcase name="Accounts_Create_New_View_TC11" time="0.0" classname="com.SFDC.Automation.AutomationScript_Test">
    <ignored/>
  </testcase> <!-- Accounts_Create_New_View_TC11 -->
  <testcase name="oppurtunity_Pipeline_report_TC17" time="0.0" classname="com.SFDC.Automation.AutomationScript_Test">
    <ignored/>
  </testcase> <!-- oppurtunity_Pipeline_report_TC17 -->
</testsuite> <!-- Default test -->
