<?xml version="1.0" encoding="UTF-8"?>
<!-- Generated by org.testng.reporters.JUnitReportReporter -->
<testsuite skipped="2" hostname="LAPTOP-6T9NE33L" name="com.Salesforce.Automation.AutomationScript_Test" tests="7" failures="0" timestamp="18 Jul 2019 19:53:02 GMT" time="109.748" errors="0">
  <testcase name="LoginError_TC1" time="22.426" classname="com.Salesforce.Automation.AutomationScript_Test"/>
  <testcase name="Login_TC2" time="17.625" classname="com.Salesforce.Automation.AutomationScript_Test"/>
  <testcase name="forgotPassword_TC4A" time="17.767" classname="com.Salesforce.Automation.AutomationScript_Test"/>
  <testcase name="ValidateLogin_TC4B" time="17.387" classname="com.Salesforce.Automation.AutomationScript_Test"/>
  <testcase name="checkRememberMe_TC3" time="34.543" classname="com.Salesforce.Automation.AutomationScript_Test"/>
  <testcase name="launchUrl" classname="com.Salesforce.Automation.AutomationScript_Test">
    <skipped/>
  </testcase> <!-- launchUrl -->
  <testcase name="initialize_Driver" classname="com.Salesforce.Automation.AutomationScript_Test">
    <skipped/>
  </testcase> <!-- initialize_Driver -->
</testsuite> <!-- com.Salesforce.Automation.AutomationScript_Test -->
